<?xml version="1.0" encoding="UTF-8"?>
<!-- Generated by org.testng.reporters.JUnitReportReporter -->
<testsuite skipped="0" hostname="ness-PC" name="com.crm.vtiger.LeadModuleTests.TC_32_ConvertLeadToOpportunityAmount_Test" tests="1" failures="0" timestamp="2021-04-29T15:46:46 IST" time="54.212" errors="0">
  <testcase name="convertLeadToOpportunity" time="54.212" classname="com.crm.vtiger.LeadModuleTests.TC_32_ConvertLeadToOpportunityAmount_Test"/>
  <system-out/>
</testsuite> <!-- com.crm.vtiger.LeadModuleTests.TC_32_ConvertLeadToOpportunityAmount_Test -->
