<?xml version="1.0" encoding="UTF-8"?>
<!-- Generated by org.testng.reporters.JUnitReportReporter -->
<testsuite skipped="0" hostname="ness-PC" name="com.crm.vtiger.LeadModuleTests.TC_35_ConvertLeadToOpportunityCheckboxUnSelect_Test" tests="1" failures="0" timestamp="2021-04-29T15:48:57 IST" time="44.722" errors="0">
  <testcase name="convertLeadToOpportunity" time="44.722" classname="com.crm.vtiger.LeadModuleTests.TC_35_ConvertLeadToOpportunityCheckboxUnSelect_Test"/>
  <system-out/>
</testsuite> <!-- com.crm.vtiger.LeadModuleTests.TC_35_ConvertLeadToOpportunityCheckboxUnSelect_Test -->
