<?xml version="1.0" encoding="UTF-8"?>
<!-- Generated by org.testng.reporters.JUnitReportReporter -->
<testsuite skipped="0" hostname="ness-PC" name="vtiger.testScripts.ConvertLeadToOpportunityCheckboxUnSelectTest" tests="1" failures="0" timestamp="2021-04-29T12:33:51 IST" time="29.713" errors="0">
  <testcase name="convertLeadToOpportunity" time="29.713" classname="vtiger.testScripts.ConvertLeadToOpportunityCheckboxUnSelectTest"/>
  <system-out/>
</testsuite> <!-- vtiger.testScripts.ConvertLeadToOpportunityCheckboxUnSelectTest -->
