<?xml version="1.0" encoding="UTF-8"?>
<!-- Generated by org.testng.reporters.JUnitReportReporter -->
<testsuite skipped="0" hostname="ness-PC" name="com.crm.vtiger.LeadModuleTests.TC_32_ConvertLeadToOpportunitiesAmount_Test" tests="1" failures="0" timestamp="2021-05-07T14:57:01 IST" time="44.138" errors="0">
  <testcase name="convertLeadToOpportunity" time="44.138" classname="com.crm.vtiger.LeadModuleTests.TC_32_ConvertLeadToOpportunitiesAmount_Test"/>
  <system-out/>
</testsuite> <!-- com.crm.vtiger.LeadModuleTests.TC_32_ConvertLeadToOpportunitiesAmount_Test -->
