<?xml version="1.0" encoding="UTF-8"?>
<!-- Generated by org.testng.reporters.JUnitReportReporter -->
<testsuite skipped="0" hostname="ness-PC" name="practice.CaptureDynamicWebTable" tests="1" failures="0" timestamp="2021-04-29T10:45:14 IST" time="25.524" errors="0">
  <testcase name="CaptureOrgName" time="25.524" classname="practice.CaptureDynamicWebTable"/>
  <system-out/>
</testsuite> <!-- practice.CaptureDynamicWebTable -->
