<?xml version="1.0" encoding="UTF-8"?>
<!-- Generated by org.testng.reporters.JUnitReportReporter -->
<testsuite skipped="0" hostname="ness-PC" name="com.crm.vtiger.LeadModuleTests.TC_01_verificationTest" tests="1" failures="0" timestamp="2021-05-07T10:19:12 IST" time="12.753" errors="0">
  <testcase name="checkAndClick" time="12.753" classname="com.crm.vtiger.LeadModuleTests.TC_01_verificationTest"/>
  <system-out/>
</testsuite> <!-- com.crm.vtiger.LeadModuleTests.TC_01_verificationTest -->
