<?xml version="1.0" encoding="UTF-8"?>
<!-- Generated by org.testng.reporters.JUnitReportReporter -->
<testsuite skipped="0" hostname="ness-PC" name="com.crm.vtiger.LeadModuleTests.TC_33_ConvertLeadToOpportunitiesInvalidAmount_Test" tests="1" failures="0" timestamp="2021-05-07T15:06:59 IST" time="32.456" errors="0">
  <testcase name="convertLeadToOpportunity" time="32.456" classname="com.crm.vtiger.LeadModuleTests.TC_33_ConvertLeadToOpportunitiesInvalidAmount_Test"/>
  <system-out/>
</testsuite> <!-- com.crm.vtiger.LeadModuleTests.TC_33_ConvertLeadToOpportunitiesInvalidAmount_Test -->
