<?xml version="1.0" encoding="UTF-8"?>
<!-- Generated by org.testng.reporters.JUnitReportReporter -->
<testsuite skipped="0" hostname="ness-PC" name="vtiger.testScripts.ConvertLeadToOpportunityAmountTest" tests="1" failures="0" timestamp="2021-04-29T12:14:21 IST" time="33.530" errors="0">
  <testcase name="convertLeadToOpportunity" time="33.530" classname="vtiger.testScripts.ConvertLeadToOpportunityAmountTest"/>
  <system-out/>
</testsuite> <!-- vtiger.testScripts.ConvertLeadToOpportunityAmountTest -->
