<?xml version="1.0" encoding="UTF-8"?>
<!-- Generated by org.testng.reporters.JUnitReportReporter -->
<testsuite skipped="0" hostname="ness-PC" name="com.crm.vtiger.LeadModuleTests.TC_31_ConvertLeadToOpportunitiesInvalidDateTest" tests="1" failures="0" timestamp="2021-05-08T07:36:03 IST" time="28.186" errors="0">
  <testcase name="convertLeadToOpportunity" time="28.186" classname="com.crm.vtiger.LeadModuleTests.TC_31_ConvertLeadToOpportunitiesInvalidDateTest"/>
  <system-out/>
</testsuite> <!-- com.crm.vtiger.LeadModuleTests.TC_31_ConvertLeadToOpportunitiesInvalidDateTest -->
