<?xml version="1.0" encoding="UTF-8"?>
<!-- Generated by org.testng.reporters.JUnitReportReporter -->
<testsuite skipped="0" hostname="ness-PC" name="com.crm.vtiger.LeadModuleTests.TC_35_ConvertLeadToOpportunitiesCheckboxUnSelect_Test" tests="1" failures="0" timestamp="2021-05-07T15:11:34 IST" time="30.604" errors="0">
  <testcase name="convertLeadToOpportunity" time="30.604" classname="com.crm.vtiger.LeadModuleTests.TC_35_ConvertLeadToOpportunitiesCheckboxUnSelect_Test"/>
  <system-out/>
</testsuite> <!-- com.crm.vtiger.LeadModuleTests.TC_35_ConvertLeadToOpportunitiesCheckboxUnSelect_Test -->
