<?xml version="1.0" encoding="UTF-8"?>
<!-- Generated by org.testng.reporters.JUnitReportReporter -->
<testsuite skipped="0" hostname="ness-PC" name="vtiger.testScripts.ConvertLeadToOpportunityInvalidAmountTest" tests="1" failures="0" timestamp="2021-04-29T12:24:01 IST" time="31.890" errors="0">
  <testcase name="convertLeadToOpportunity" time="31.890" classname="vtiger.testScripts.ConvertLeadToOpportunityInvalidAmountTest"/>
  <system-out/>
</testsuite> <!-- vtiger.testScripts.ConvertLeadToOpportunityInvalidAmountTest -->
