<?xml version="1.0" encoding="UTF-8"?>
<!-- Generated by org.testng.reporters.JUnitReportReporter -->
<testsuite skipped="0" hostname="ness-PC" name="vtiger.testScripts.ConvertLeadToOpportunitiesTest" tests="1" failures="0" timestamp="2021-04-29T12:04:17 IST" time="30.387" errors="0">
  <testcase name="convertLeadToOpportunity" time="30.387" classname="vtiger.testScripts.ConvertLeadToOpportunitiesTest"/>
  <system-out/>
</testsuite> <!-- vtiger.testScripts.ConvertLeadToOpportunitiesTest -->
