<?xml version="1.0" encoding="UTF-8"?>
<!-- Generated by org.testng.reporters.JUnitReportReporter -->
<testsuite skipped="0" hostname="ness-PC" name="vtiger.testScripts.TestCase31" tests="1" failures="0" timestamp="2021-04-29T10:50:10 IST" time="14.511" errors="0">
  <testcase name="leadModule" time="14.511" classname="vtiger.testScripts.TestCase31"/>
  <system-out/>
</testsuite> <!-- vtiger.testScripts.TestCase31 -->
