<?xml version="1.0" encoding="UTF-8"?>
<!-- Generated by org.testng.reporters.JUnitReportReporter -->
<testsuite skipped="0" hostname="ness-PC" name="vtiger.testScripts.ConvertLeadToOpportunityEditableTest" tests="1" failures="0" timestamp="2021-04-29T12:30:21 IST" time="28.810" errors="0">
  <testcase name="convertLeadToOpportunity" time="28.810" classname="vtiger.testScripts.ConvertLeadToOpportunityEditableTest"/>
  <system-out/>
</testsuite> <!-- vtiger.testScripts.ConvertLeadToOpportunityEditableTest -->
